<?xml version="1.0" encoding="UTF-8"?>
<!-- Generated by org.testng.reporters.JUnitReportReporter -->
<testsuite skipped="0" hostname="amw-g1" name="com.herokuapp.qa.tests.NonAdminUserPageTest" tests="4" failures="0" timestamp="10 Sep 2019 09:51:03 GMT" time="147.621" errors="0">
  <testcase name="verifyHomePageTitle" time="40.886" classname="com.herokuapp.qa.tests.NonAdminUserPageTest"/>
  <testcase name="verifyHomePageTitle" time="40.612" classname="com.herokuapp.qa.tests.NonAdminUserPageTest"/>
  <testcase name="verifyHomePageTitle" time="23.385" classname="com.herokuapp.qa.tests.NonAdminUserPageTest"/>
  <testcase name="verifyHomePageTitle" time="42.738" classname="com.herokuapp.qa.tests.NonAdminUserPageTest"/>
</testsuite> <!-- com.herokuapp.qa.tests.NonAdminUserPageTest -->
