<?xml version="1.0" encoding="UTF-8"?>
<!-- Generated by org.testng.reporters.JUnitReportReporter -->
<testsuite skipped="0" hostname="amw-g1" name="com.herokuapp.qa.tests.HomePageTest" tests="2" failures="0" timestamp="10 Sep 2019 10:08:36 GMT" time="42.751" errors="0">
  <testcase name="verifyHomePageTitle" time="24.747" classname="com.herokuapp.qa.tests.HomePageTest"/>
  <testcase name="VerifyUserProfileName" time="18.004" classname="com.herokuapp.qa.tests.HomePageTest"/>
</testsuite> <!-- com.herokuapp.qa.tests.HomePageTest -->
