<?xml version="1.0" encoding="UTF-8"?>
<!-- Generated by org.testng.reporters.JUnitReportReporter -->
<testsuite skipped="0" hostname="amw-g1" name="com.herokuapp.qa.tests.HomePageTest" tests="2" failures="0" timestamp="10 Sep 2019 05:39:58 GMT" time="49.737" errors="0">
  <testcase name="verifyHomePageTitle" time="18.207" classname="com.herokuapp.qa.tests.HomePageTest"/>
  <testcase name="VerifyUserProfileName" time="31.530" classname="com.herokuapp.qa.tests.HomePageTest"/>
</testsuite> <!-- com.herokuapp.qa.tests.HomePageTest -->
