<?xml version="1.0" encoding="UTF-8"?>
<!-- Generated by org.testng.reporters.JUnitReportReporter -->
<testsuite skipped="0" hostname="amw-g1" name="com.herokuapp.qa.tests.LoginPageTest" tests="2" failures="0" timestamp="10 Sep 2019 05:39:58 GMT" time="29.853" errors="0">
  <testcase name="verifyloginpagetitle" time="10.207" classname="com.herokuapp.qa.tests.LoginPageTest"/>
  <testcase name="login" time="19.646" classname="com.herokuapp.qa.tests.LoginPageTest"/>
</testsuite> <!-- com.herokuapp.qa.tests.LoginPageTest -->
