<?xml version="1.0" encoding="UTF-8"?>
<!-- Generated by org.testng.reporters.JUnitReportReporter -->
<testsuite skipped="0" hostname="amw-g1" name="com.herokuapp.qa.tests.NonAdminUserPageTest" tests="4" failures="0" timestamp="10 Sep 2019 10:08:36 GMT" time="156.191" errors="0">
  <testcase name="verifyHomePageTitle" time="32.676" classname="com.herokuapp.qa.tests.NonAdminUserPageTest"/>
  <testcase name="verifyHomePageTitle" time="41.582" classname="com.herokuapp.qa.tests.NonAdminUserPageTest"/>
  <testcase name="verifyHomePageTitle" time="40.306" classname="com.herokuapp.qa.tests.NonAdminUserPageTest"/>
  <testcase name="verifyHomePageTitle" time="41.627" classname="com.herokuapp.qa.tests.NonAdminUserPageTest"/>
</testsuite> <!-- com.herokuapp.qa.tests.NonAdminUserPageTest -->
