<?xml version="1.0" encoding="UTF-8"?>
<!-- Generated by org.testng.reporters.JUnitReportReporter -->
<testsuite skipped="0" hostname="amw-g1" name="com.herokuapp.qa.tests.EditProfilePageTest" tests="2" failures="0" timestamp="10 Sep 2019 10:08:36 GMT" time="52.983" errors="0">
  <testcase name="update" time="29.249" classname="com.herokuapp.qa.tests.EditProfilePageTest"/>
  <testcase name="verify_updated_data" time="23.734" classname="com.herokuapp.qa.tests.EditProfilePageTest"/>
</testsuite> <!-- com.herokuapp.qa.tests.EditProfilePageTest -->
