<?xml version="1.0" encoding="UTF-8"?>
<!-- Generated by org.testng.reporters.JUnitReportReporter -->
<testsuite skipped="0" hostname="amw-g1" name="com.herokuapp.qa.tests.MissionTable_expandPageTest" tests="1" failures="0" timestamp="10 Sep 2019 05:39:58 GMT" time="20.598" errors="0">
  <testcase name="expand_table" time="20.598" classname="com.herokuapp.qa.tests.MissionTable_expandPageTest"/>
</testsuite> <!-- com.herokuapp.qa.tests.MissionTable_expandPageTest -->
