<?xml version="1.0" encoding="UTF-8"?>
<!-- Generated by org.testng.reporters.JUnitReportReporter -->
<testsuite skipped="0" hostname="amw-g1" name="com.herokuapp.qa.tests.EditProfilePageTest" tests="2" failures="0" timestamp="10 Sep 2019 05:39:58 GMT" time="84.065" errors="0">
  <testcase name="update" time="57.546" classname="com.herokuapp.qa.tests.EditProfilePageTest"/>
  <testcase name="verify_updated_data" time="26.519" classname="com.herokuapp.qa.tests.EditProfilePageTest"/>
</testsuite> <!-- com.herokuapp.qa.tests.EditProfilePageTest -->
