<?xml version="1.0" encoding="UTF-8"?>
<!-- Generated by org.testng.reporters.JUnitReportReporter -->
<testsuite skipped="0" hostname="amw-g1" name="com.herokuapp.qa.tests.SubDivisonMissionPageTest" tests="2" failures="0" timestamp="10 Sep 2019 10:08:36 GMT" time="60.646" errors="0">
  <testcase name="verifyaddmision_as_subdepart" time="30.233" classname="com.herokuapp.qa.tests.SubDivisonMissionPageTest"/>
  <testcase name="verifyaddmision_as_subdepart" time="30.413" classname="com.herokuapp.qa.tests.SubDivisonMissionPageTest"/>
</testsuite> <!-- com.herokuapp.qa.tests.SubDivisonMissionPageTest -->
