<?xml version="1.0" encoding="UTF-8"?>
<!-- Generated by org.testng.reporters.JUnitReportReporter -->
<testsuite skipped="0" hostname="amw-g1" name="com.herokuapp.qa.tests.BreadcrumbsPageTest" tests="1" failures="0" timestamp="10 Sep 2019 10:08:36 GMT" time="36.343" errors="0">
  <testcase name="ClickBreadcumlink" time="36.343" classname="com.herokuapp.qa.tests.BreadcrumbsPageTest"/>
</testsuite> <!-- com.herokuapp.qa.tests.BreadcrumbsPageTest -->
