<?xml version="1.0" encoding="UTF-8"?>
<!-- Generated by org.testng.reporters.JUnitReportReporter -->
<testsuite skipped="0" hostname="amw-g1" name="com.herokuapp.qa.tests.LoginPageTest" tests="2" failures="0" timestamp="10 Sep 2019 10:08:36 GMT" time="34.643" errors="0">
  <testcase name="verifyloginpagetitle" time="14.587" classname="com.herokuapp.qa.tests.LoginPageTest"/>
  <testcase name="login" time="20.056" classname="com.herokuapp.qa.tests.LoginPageTest"/>
</testsuite> <!-- com.herokuapp.qa.tests.LoginPageTest -->
